<project xmlns="http://maven.apache.org/POM/4.0.0" xmlns:xsi="http://www.w3.org/2001/XMLSchema-instance"
    xsi:schemaLocation="http://maven.apache.org/POM/4.0.0 http://maven.apache.org/maven-v4_0_0.xsd">
  <modelVersion>4.0.0</modelVersion>
  <groupId>com.onemsg</groupId>
  <artifactId>test-client</artifactId>
  <version>1.1.0</version>
  <packaging>jar</packaging>

  <properties>
    <project.build.sourceEncoding>UTF-8</project.build.sourceEncoding>
    <maven.compiler.source>1.8</maven.compiler.source>
    <maven.compiler.target>1.8</maven.compiler.target>
    <grpc.version>1.68.0</grpc.version>
    <protoc.version>3.25.5</protoc.version>
  </properties>

  <dependencyManagement>
    <dependencies>
      <dependency>
        <groupId>io.grpc</groupId>
        <artifactId>grpc-bom</artifactId>
        <version>${grpc.version}</version>
        <type>pom</type>
        <scope>import</scope>
      </dependency>
    </dependencies>
  </dependencyManagement>

  <dependencies>
    <dependency>
      <groupId>io.grpc</groupId>
      <artifactId>grpc-services</artifactId>
    </dependency>
    <dependency>
      <groupId>io.grpc</groupId>
      <artifactId>grpc-protobuf</artifactId>
    </dependency>
    <dependency>
      <groupId>io.grpc</groupId>
      <artifactId>grpc-stub</artifactId>
    </dependency>
  </dependencies>

</project>